[12.03.2013 08:56:47,117] [main] INFO  org.jgap.gp.impl.GPGenotype  - Creating initial population
[12.03.2013 08:56:47,122] [main] INFO  org.jgap.gp.impl.GPGenotype  - Mem free: 57.8 MB
[12.03.2013 08:56:47,131] [main] INFO  org.jgap.gp.impl.GPPopulation  - Prototype program set
[12.03.2013 08:56:47,158] [main] INFO  org.jgap.gp.impl.GPGenotype  - Mem free after creating population: 57.8 MB
[12.03.2013 08:59:57,497] [main] INFO  org.jgap.gp.impl.GPGenotype  - Creating initial population
[12.03.2013 08:59:57,503] [main] INFO  org.jgap.gp.impl.GPGenotype  - Mem free: 57.8 MB
[12.03.2013 08:59:57,516] [main] INFO  org.jgap.gp.impl.GPPopulation  - Prototype program set
[12.03.2013 08:59:57,551] [main] INFO  org.jgap.gp.impl.GPGenotype  - Mem free after creating population: 57.8 MB
[12.03.2013 08:59:57,554] [main] INFO  org.jgap.gp.impl.GPGenotype  - Your configuration does not contain unused commands, this is good
[12.03.2013 09:00:25,356] [main] INFO  org.jgap.gp.impl.GPGenotype  - Creating initial population
[12.03.2013 09:00:25,366] [main] INFO  org.jgap.gp.impl.GPGenotype  - Mem free: 57.8 MB
[12.03.2013 09:00:25,375] [main] INFO  org.jgap.gp.impl.GPPopulation  - Prototype program set
[12.03.2013 09:00:25,405] [main] INFO  org.jgap.gp.impl.GPGenotype  - Mem free after creating population: 57.8 MB
[12.03.2013 09:00:25,408] [main] INFO  org.jgap.gp.impl.GPGenotype  - Your configuration does not contain unused commands, this is good
[12.03.2013 09:01:05,139] [main] INFO  org.jgap.gp.impl.GPGenotype  - Creating initial population
[12.03.2013 09:01:05,144] [main] INFO  org.jgap.gp.impl.GPGenotype  - Mem free: 57.8 MB
[12.03.2013 09:01:05,153] [main] INFO  org.jgap.gp.impl.GPPopulation  - Prototype program set
[12.03.2013 09:01:05,180] [main] INFO  org.jgap.gp.impl.GPGenotype  - Mem free after creating population: 57.8 MB
[12.03.2013 09:01:05,183] [main] INFO  org.jgap.gp.impl.GPGenotype  - Your configuration does not contain unused commands, this is good
[12.03.2013 09:01:27,421] [main] INFO  org.jgap.gp.impl.GPGenotype  - Creating initial population
[12.03.2013 09:01:27,428] [main] INFO  org.jgap.gp.impl.GPGenotype  - Mem free: 57.8 MB
[12.03.2013 09:01:27,438] [main] INFO  org.jgap.gp.impl.GPPopulation  - Prototype program set
[12.03.2013 09:01:27,468] [main] INFO  org.jgap.gp.impl.GPGenotype  - Mem free after creating population: 57.8 MB
[12.03.2013 09:01:27,472] [main] INFO  org.jgap.gp.impl.GPGenotype  - Your configuration does not contain unused commands, this is good
[12.03.2013 09:01:52,982] [main] INFO  org.jgap.gp.impl.GPGenotype  - Creating initial population
[12.03.2013 09:01:52,991] [main] INFO  org.jgap.gp.impl.GPGenotype  - Mem free: 57.8 MB
[12.03.2013 09:01:53,000] [main] INFO  org.jgap.gp.impl.GPPopulation  - Prototype program set
[12.03.2013 09:01:53,027] [main] INFO  org.jgap.gp.impl.GPGenotype  - Mem free after creating population: 57.8 MB
[12.03.2013 09:01:53,030] [main] INFO  org.jgap.gp.impl.GPGenotype  - Your configuration does not contain unused commands, this is good
[12.03.2013 09:02:48,063] [main] INFO  org.jgap.gp.impl.GPGenotype  - Creating initial population
[12.03.2013 09:02:48,072] [main] INFO  org.jgap.gp.impl.GPGenotype  - Mem free: 57.8 MB
[12.03.2013 09:02:48,081] [main] INFO  org.jgap.gp.impl.GPPopulation  - Prototype program set
[12.03.2013 09:02:48,113] [main] INFO  org.jgap.gp.impl.GPGenotype  - Mem free after creating population: 57.8 MB
[12.03.2013 09:02:48,117] [main] INFO  org.jgap.gp.impl.GPGenotype  - Your configuration does not contain unused commands, this is good
[12.03.2013 09:03:11,876] [main] INFO  org.jgap.gp.impl.GPGenotype  - Creating initial population
[12.03.2013 09:03:11,881] [main] INFO  org.jgap.gp.impl.GPGenotype  - Mem free: 57.8 MB
[12.03.2013 09:03:11,890] [main] INFO  org.jgap.gp.impl.GPPopulation  - Prototype program set
[12.03.2013 09:03:11,918] [main] INFO  org.jgap.gp.impl.GPGenotype  - Mem free after creating population: 57.8 MB
[12.03.2013 09:03:11,922] [main] INFO  org.jgap.gp.impl.GPGenotype  - Your configuration does not contain unused commands, this is good
[12.03.2013 09:04:05,980] [main] INFO  org.jgap.gp.impl.GPGenotype  - Creating initial population
[12.03.2013 09:04:05,985] [main] INFO  org.jgap.gp.impl.GPGenotype  - Mem free: 57.8 MB
[12.03.2013 09:04:05,994] [main] INFO  org.jgap.gp.impl.GPPopulation  - Prototype program set
[12.03.2013 09:04:06,019] [main] INFO  org.jgap.gp.impl.GPGenotype  - Mem free after creating population: 57.8 MB
[12.03.2013 09:04:06,022] [main] INFO  org.jgap.gp.impl.GPGenotype  - Your configuration does not contain unused commands, this is good
[12.03.2013 09:04:17,057] [main] INFO  org.jgap.gp.impl.GPGenotype  - Creating initial population
[12.03.2013 09:04:17,062] [main] INFO  org.jgap.gp.impl.GPGenotype  - Mem free: 57.8 MB
[12.03.2013 09:04:17,071] [main] INFO  org.jgap.gp.impl.GPPopulation  - Prototype program set
[12.03.2013 09:04:17,101] [main] INFO  org.jgap.gp.impl.GPGenotype  - Mem free after creating population: 57.8 MB
[12.03.2013 09:04:17,103] [main] INFO  org.jgap.gp.impl.GPGenotype  - Your configuration does not contain unused commands, this is good
[12.03.2013 13:20:33,145] [main] INFO  org.jgap.gp.impl.GPGenotype  - Creating initial population
[12.03.2013 13:20:33,161] [main] INFO  org.jgap.gp.impl.GPGenotype  - Mem free: 57.8 MB
[12.03.2013 13:20:33,170] [main] INFO  org.jgap.gp.impl.GPPopulation  - Prototype program set
[12.03.2013 13:20:33,197] [main] INFO  org.jgap.gp.impl.GPGenotype  - Mem free after creating population: 57.8 MB
[12.03.2013 13:20:33,211] [main] INFO  org.jgap.gp.impl.GPGenotype  - Your configuration does not contain unused commands, this is good
